0 info it worked if it ends with ok
1 verbose cli [
1 verbose cli   'C:\\Program Files\\nodejs\\node.exe',
1 verbose cli   'C:\\Users\\86176\\AppData\\Roaming\\npm\\node_modules\\npm\\bin\\npm-cli.js',
1 verbose cli   'run',
1 verbose cli   'test'
1 verbose cli ]
2 info using npm@3.8.6
3 info using node@v16.10.0
4 verbose run-script [ 'pretest', 'test', 'posttest' ]
5 info lifecycle api_server@1.0.0~pretest: api_server@1.0.0
6 silly lifecycle api_server@1.0.0~pretest: no script for pretest, continuing
7 info lifecycle api_server@1.0.0~test: api_server@1.0.0
8 verbose lifecycle api_server@1.0.0~test: unsafe-perm in lifecycle true
9 verbose lifecycle api_server@1.0.0~test: PATH: C:\Users\86176\AppData\Roaming\npm\node_modules\npm\bin\node-gyp-bin;E:\1.个人文件夹\node学习\api_server\node_modules\.bin;C:\Program Files\nodejs;E:\Program_Files\Git\mingw64\bin;E:\Program_Files\Git\usr\bin;C:\Users\86176\bin;C:\Windows\system32;C:\Windows;C:\Windows\System32\Wbem;C:\Windows\System32\WindowsPowerShell\v1.0;C:\Windows\System32\OpenSSH;C:\Program Files (x86)\NVIDIA Corporation\PhysX\Common;C:\Program Files\NVIDIA Corporation\NVIDIA NvDLISR;C:\WINDOWS\system32;C:\WINDOWS;C:\WINDOWS\System32\Wbem;C:\WINDOWS\System32\WindowsPowerShell\v1.0;C:\WINDOWS\System32\OpenSSH;C:\Program Files\nodejs;C:\npm_global\global;C:\Users\86176\bin;C:\yarn_global\global\node_modules\.bin;C:\Users\86176\Desktop\npm_global\global\node_modules\hexo-cli\bin;E:\Program_Files\Git\usr\bin;C:\Program Files\MySQL\MySQL Shell 8.0\bin;C:\Users\86176\AppData\Local\Microsoft\WindowsApps;E:\IntelliJ IDEA 2020.3.1\bin;C:\Program Files\Bandizip;C:\Users\86176\Documents\Tencent Files\759331301\FileRecv\jdk11\bin;C:\Users\86176\AppData\Roaming\npm;C:\Users\86176\AppData\Local\Yarn\bin;C:\yarn_global\global\node_modules\.bin;C:\Users\86176\Desktop\npm_global\global\node_modules\hexo-cli\bin;D:\Microsoft VS Code\bin;E:\Program_Files\Git\usr\bin
10 verbose lifecycle api_server@1.0.0~test: CWD: E:\1.个人文件夹\node学习\api_server
11 silly lifecycle api_server@1.0.0~test: Args: [ '/d /s /c', 'echo "Error: no test specified" && exit 1' ]
12 silly lifecycle api_server@1.0.0~test: Returned: code: 1  signal: null
13 info lifecycle api_server@1.0.0~test: Failed to exec test script
14 verbose stack Error: api_server@1.0.0 test: `echo "Error: no test specified" && exit 1`
14 verbose stack Exit status 1
14 verbose stack     at EventEmitter.<anonymous> (C:\Users\86176\AppData\Roaming\npm\node_modules\npm\lib\utils\lifecycle.js:239:16)
14 verbose stack     at EventEmitter.emit (node:events:390:28)
14 verbose stack     at ChildProcess.<anonymous> (C:\Users\86176\AppData\Roaming\npm\node_modules\npm\lib\utils\spawn.js:24:14)
14 verbose stack     at ChildProcess.emit (node:events:390:28)
14 verbose stack     at maybeClose (node:internal/child_process:1064:16)
14 verbose stack     at Process.ChildProcess._handle.onexit (node:internal/child_process:301:5)
15 verbose pkgid api_server@1.0.0
16 verbose cwd E:\1.个人文件夹\node学习\api_server
17 error Windows_NT 10.0.22000
18 error argv "C:\\Program Files\\nodejs\\node.exe" "C:\\Users\\86176\\AppData\\Roaming\\npm\\node_modules\\npm\\bin\\npm-cli.js" "run" "test"
19 error node v16.10.0
20 error npm  v3.8.6
21 error code ELIFECYCLE
22 error api_server@1.0.0 test: `echo "Error: no test specified" && exit 1`
22 error Exit status 1
23 error Failed at the api_server@1.0.0 test script 'echo "Error: no test specified" && exit 1'.
23 error Make sure you have the latest version of node.js and npm installed.
23 error If you do, this is most likely a problem with the api_server package,
23 error not with npm itself.
23 error Tell the author that this fails on your system:
23 error     echo "Error: no test specified" && exit 1
23 error You can get information on how to open an issue for this project with:
23 error     npm bugs api_server
23 error Or if that isn't available, you can get their info via:
23 error     npm owner ls api_server
23 error There is likely additional logging output above.
24 verbose exit [ 1, true ]
